<?xml version="1.0" encoding="UTF-8"?>
<testng-results ignored="4" total="6" passed="2" failed="0" skipped="0">
  <reporter-output>
    <line>
      <![CDATA[i will set my priority ]]>
    </line>
    <line>
      <![CDATA[i will set my priority ]]>
    </line>
  </reporter-output>
  <suite started-at="2022-06-27T16:25:45 IST" name="Suite" finished-at="2022-06-27T16:25:45 IST" duration-ms="128">
    <groups>
      <group name="sanity">
        <method signature="GroupTestng1.Mymethod1()[pri:0, instance:testNGgroup.GroupTestng1@17497425]" name="Mymethod1" class="testNGgroup.GroupTestng1"/>
        <method signature="grouptestng2.Mymethod1()[pri:0, instance:testNGgroup.grouptestng2@26e356f0]" name="Mymethod1" class="testNGgroup.grouptestng2"/>
      </group> <!-- sanity -->
    </groups>
    <test started-at="2022-06-27T16:25:45 IST" name="Test" finished-at="2022-06-27T16:25:45 IST" duration-ms="128">
      <class name="testNGgroup.grouptestng2">
        <test-method signature="Mymethod1()[pri:0, instance:testNGgroup.grouptestng2@26e356f0]" started-at="2022-06-27T16:25:45 IST" name="Mymethod1" finished-at="2022-06-27T16:25:45 IST" duration-ms="2" status="PASS">
          <reporter-output>
            <line>
              <![CDATA[i will set my priority ]]>
            </line>
          </reporter-output>
        </test-method> <!-- Mymethod1 -->
      </class> <!-- testNGgroup.grouptestng2 -->
      <class name="testNGgroup.GroupTestng1">
        <test-method signature="Mymethod1()[pri:0, instance:testNGgroup.GroupTestng1@17497425]" started-at="2022-06-27T16:25:45 IST" name="Mymethod1" finished-at="2022-06-27T16:25:45 IST" duration-ms="15" status="PASS">
          <reporter-output>
            <line>
              <![CDATA[i will set my priority ]]>
            </line>
          </reporter-output>
        </test-method> <!-- Mymethod1 -->
      </class> <!-- testNGgroup.GroupTestng1 -->
    </test> <!-- Test -->
  </suite> <!-- Suite -->
</testng-results>
